<?xml version="1.0" encoding="UTF-8"?>
<!-- Generated by org.testng.reporters.JUnitReportReporter -->
<testsuite hostname="DESKTOP-EKLQ2FA" failures="0" tests="1" name="Test.Guru99.Dia9" time="8.056" errors="0" timestamp="2024-07-26T15:23:33 ART" skipped="0">
  <testcase classname="Test.Guru99.Dia9" name="cuponDescuento" time="8.056"/>
</testsuite> <!-- Test.Guru99.Dia9 -->
