<?xml version="1.0" encoding="UTF-8"?>
<!-- Generated by org.testng.reporters.JUnitReportReporter -->
<testsuite hostname="DESKTOP-EKLQ2FA" failures="0" tests="1" name="Test.Guru99.Dia03" time="10.535" errors="0" timestamp="2024-07-29T22:58:40 ART" skipped="0">
  <testcase classname="Test.Guru99.Dia03" name="agregarAlCarrito" time="10.535"/>
</testsuite> <!-- Test.Guru99.Dia03 -->
