<?xml version="1.0" encoding="UTF-8"?>
<!-- Generated by org.testng.reporters.JUnitReportReporter -->
<testsuite hostname="DESKTOP-EKLQ2FA" failures="0" tests="3" name="pruebas.dia11_CP02" time="15.581" errors="0" timestamp="2024-07-30T19:52:01 ART" skipped="0">
  <testcase classname="pruebas.dia11_CP02" name="enviarComentario" time="2.462"/>
  <testcase classname="pruebas.dia11_CP02" name="aprobarComentario" time="9.855"/>
  <testcase classname="pruebas.dia11_CP02" name="confirmarComentario" time="3.264"/>
</testsuite> <!-- pruebas.dia11_CP02 -->
