<?xml version="1.0" encoding="UTF-8"?>
<!-- Generated by org.testng.reporters.JUnitReportReporter -->
<testsuite hostname="DESKTOP-EKLQ2FA" failures="0" tests="2" name="pruebas.CP005_CrearCuentaYCompartirWishlist" time="10.662" errors="0" timestamp="2024-08-14T14:52:43 ART" skipped="0">
  <testcase classname="pruebas.CP005_CrearCuentaYCompartirWishlist" name="crearCuenta" time="6.645"/>
  <system-out>
    <![CDATA[======Launch Browser======]]>
  </system-out>
  <testcase classname="pruebas.CP005_CrearCuentaYCompartirWishlist" name="compartirWishlist" time="4.017"/>
  <system-out/>
</testsuite> <!-- pruebas.CP005_CrearCuentaYCompartirWishlist -->
