<?xml version="1.0" encoding="UTF-8"?>
<!-- Generated by org.testng.reporters.JUnitReportReporter -->
<testsuite hostname="DESKTOP-EKLQ2FA" failures="0" tests="1" name="Test.Guru99.Dia08" time="15.339" errors="0" timestamp="2024-07-29T23:29:44 ART" skipped="0">
  <testcase classname="Test.Guru99.Dia08" name="actualizarProducto" time="15.339"/>
</testsuite> <!-- Test.Guru99.Dia08 -->
