<?xml version="1.0" encoding="UTF-8"?>
<!-- Generated by org.testng.reporters.JUnitReportReporter -->
<testsuite hostname="DESKTOP-EKLQ2FA" failures="0" tests="1" name="Test.Guru99.Dia7" time="10.383" errors="0" timestamp="2024-07-25T00:31:42 ART" skipped="0">
  <testcase classname="Test.Guru99.Dia7" name="verificarPedido" time="10.383"/>
</testsuite> <!-- Test.Guru99.Dia7 -->
