<?xml version="1.0" encoding="UTF-8"?>
<!-- Generated by org.testng.reporters.JUnitReportReporter -->
<testsuite hostname="DESKTOP-EKLQ2FA" failures="0" tests="1" name="Test.Guru99.Dia8" time="16.993" errors="0" timestamp="2024-07-25T21:59:06 ART" skipped="0">
  <testcase classname="Test.Guru99.Dia8" name="actualizarProducto" time="16.993"/>
</testsuite> <!-- Test.Guru99.Dia8 -->
