<?xml version="1.0" encoding="UTF-8"?>
<!-- Generated by org.testng.reporters.JUnitReportReporter -->
<testsuite hostname="DESKTOP-EKLQ2FA" failures="0" tests="1" name="Test.Guru99.Dia2" time="6.763" errors="0" timestamp="2024-07-23T20:04:56 ART" skipped="0">
  <testcase classname="Test.Guru99.Dia2" name="verificarCosto" time="6.763"/>
</testsuite> <!-- Test.Guru99.Dia2 -->
