<?xml version="1.0" encoding="UTF-8"?>
<!-- Generated by org.testng.reporters.JUnitReportReporter -->
<testsuite hostname="DESKTOP-EKLQ2FA" failures="0" tests="2" name="pruebas.CP010_ExportarPedidosEnCSV" time="7.711" errors="0" timestamp="2024-08-14T15:08:33 ART" skipped="0">
  <testcase classname="pruebas.CP010_ExportarPedidosEnCSV" name="iniciarSesion" time="6.485"/>
  <system-out>
    <![CDATA[======Launch Browser======]]>
  </system-out>
  <testcase classname="pruebas.CP010_ExportarPedidosEnCSV" name="descargarListaPedidosFormatoCSV" time="1.226"/>
  <system-out/>
</testsuite> <!-- pruebas.CP010_ExportarPedidosEnCSV -->
