<?xml version="1.0" encoding="UTF-8"?>
<!-- Generated by org.testng.reporters.JUnitReportReporter -->
<testsuite hostname="DESKTOP-EKLQ2FA" failures="0" tests="1" name="Test.Guru99.Dia10" time="8.480" errors="0" timestamp="2024-08-14T15:31:07 ART" skipped="0">
  <testcase classname="Test.Guru99.Dia10" name="exportarCSV" time="8.480"/>
  <system-out/>
</testsuite> <!-- Test.Guru99.Dia10 -->
