<?xml version="1.0" encoding="UTF-8"?>
<!-- Generated by org.testng.reporters.JUnitReportReporter -->
<testsuite hostname="DESKTOP-EKLQ2FA" failures="0" tests="2" name="pruebas.CP011_VerificarImpresionFactura" time="18.281" errors="0" timestamp="2024-08-14T20:11:55 ART" skipped="0">
  <testcase classname="pruebas.CP011_VerificarImpresionFactura" name="iniciarSesion" time="13.715"/>
  <system-out>
    <![CDATA[======Launch Browser======]]>
  </system-out>
  <testcase classname="pruebas.CP011_VerificarImpresionFactura" name="imprimirListaPedidos" time="4.566"/>
  <system-out/>
</testsuite> <!-- pruebas.CP011_VerificarImpresionFactura -->
