<?xml version="1.0" encoding="UTF-8"?>
<!-- Generated by org.testng.reporters.JUnitReportReporter -->
<testsuite hostname="DESKTOP-EKLQ2FA" failures="0" tests="1" name="Test.Guru99.Dia5" time="11.469" errors="0" timestamp="2024-07-25T21:55:14 ART" skipped="0">
  <testcase classname="Test.Guru99.Dia5" name="compartirWishlist" time="11.469"/>
</testsuite> <!-- Test.Guru99.Dia5 -->
