<?xml version="1.0" encoding="UTF-8"?>
<!-- Generated by org.testng.reporters.JUnitReportReporter -->
<testsuite hostname="DESKTOP-EKLQ2FA" failures="0" tests="2" name="pruebas.CP013_VerificarOrdenarFacturas" time="10.474" errors="0" timestamp="2024-08-16T20:38:19 ART" skipped="0">
  <testcase classname="pruebas.CP013_VerificarOrdenarFacturas" name="iniciarSesion" time="6.817"/>
  <system-out>
    <![CDATA[======Launch Browser======]]>
  </system-out>
  <testcase classname="pruebas.CP013_VerificarOrdenarFacturas" name="ordenarPedidosPorFecha" time="3.657"/>
  <system-out/>
</testsuite> <!-- pruebas.CP013_VerificarOrdenarFacturas -->
