<?xml version="1.0" encoding="UTF-8"?>
<!-- Generated by org.testng.reporters.JUnitReportReporter -->
<testsuite hostname="DESKTOP-EKLQ2FA" failures="0" tests="2" name="pruebas.CP007_GuardarPDFPedidoRealizado" time="6.946" errors="0" timestamp="2024-08-14T14:52:43 ART" skipped="0">
  <testcase classname="pruebas.CP007_GuardarPDFPedidoRealizado" name="iniciarSesion" time="5.450"/>
  <system-out>
    <![CDATA[======Launch Browser======]]>
  </system-out>
  <testcase classname="pruebas.CP007_GuardarPDFPedidoRealizado" name="descargarComprobanteCompraPDF" time="1.496"/>
  <system-out/>
</testsuite> <!-- pruebas.CP007_GuardarPDFPedidoRealizado -->
