<?xml version="1.0" encoding="UTF-8"?>
<!-- Generated by org.testng.reporters.JUnitReportReporter -->
<testsuite hostname="DESKTOP-EKLQ2FA" failures="0" tests="1" name="pruebas.CP001_OrdenarProductosPorNombre" time="5.347" errors="0" timestamp="2024-08-16T20:48:44 ART" skipped="0">
  <testcase classname="pruebas.CP001_OrdenarProductosPorNombre" name="ordenarProductosPorNombre" time="5.347"/>
  <system-out>
    <![CDATA[======Launch Browser======]]>
  </system-out>
</testsuite> <!-- pruebas.CP001_OrdenarProductosPorNombre -->
