<?xml version="1.0" encoding="UTF-8"?>
<!-- Generated by org.testng.reporters.JUnitReportReporter -->
<testsuite hostname="DESKTOP-EKLQ2FA" failures="0" tests="2" name="pruebas.CP014_VerificarFuncionBusqueda" time="7.107" errors="0" timestamp="2024-08-17T11:09:01 ART" skipped="0">
  <testcase classname="pruebas.CP014_VerificarFuncionBusqueda" name="buscarProducto0a150" time="5.752"/>
  <system-out>
    <![CDATA[======Launch Browser======]]>
  </system-out>
  <testcase classname="pruebas.CP014_VerificarFuncionBusqueda" name="buscarProducto151a1000" time="1.355"/>
  <system-out/>
</testsuite> <!-- pruebas.CP014_VerificarFuncionBusqueda -->
