<?xml version="1.0" encoding="UTF-8"?>
<!-- Generated by org.testng.reporters.JUnitReportReporter -->
<testsuite hostname="DESKTOP-EKLQ2FA" failures="0" tests="1" name="Test.Guru99.Dia05" time="10.884" errors="0" timestamp="2024-07-29T23:20:26 ART" skipped="0">
  <testcase classname="Test.Guru99.Dia05" name="compartirWishlist" time="10.884"/>
</testsuite> <!-- Test.Guru99.Dia05 -->
