<?xml version="1.0" encoding="UTF-8"?>
<!-- Generated by org.testng.reporters.JUnitReportReporter -->
<testsuite hostname="DESKTOP-EKLQ2FA" failures="0" tests="1" name="pruebas.CP012_VerificarMecanismoResenaProducto" time="9.657" errors="0" timestamp="2024-08-16T16:33:00 ART" skipped="0">
  <testcase classname="pruebas.CP012_VerificarMecanismoResenaProducto" name="iniciarSesion" time="9.657"/>
  <system-out>
    <![CDATA[======Launch Browser======]]>
  </system-out>
</testsuite> <!-- pruebas.CP012_VerificarMecanismoResenaProducto -->
