<?xml version="1.0" encoding="UTF-8"?>
<!-- Generated by org.testng.reporters.JUnitReportReporter -->
<testsuite hostname="DESKTOP-EKLQ2FA" failures="0" tests="1" name="pruebas.CP004_CompararDosProductos" time="8.439" errors="0" timestamp="2024-08-09T19:12:52 ART" skipped="0">
  <testcase classname="pruebas.CP004_CompararDosProductos" name="compararDosProductos" time="8.439"/>
  <system-out/>
</testsuite> <!-- pruebas.CP004_CompararDosProductos -->
