<?xml version="1.0" encoding="UTF-8"?>
<!-- Generated by org.testng.reporters.JUnitReportReporter -->
<testsuite hostname="DESKTOP-EKLQ2FA" failures="0" tests="1" name="pruebas.CP002_VerificarCostoDeProducto" time="7.255" errors="0" timestamp="2024-08-16T23:19:51 ART" skipped="0">
  <testcase classname="pruebas.CP002_VerificarCostoDeProducto" name="verificarCostoDeProducto" time="7.255"/>
  <system-out>
    <![CDATA[======Launch Browser======]]>
  </system-out>
</testsuite> <!-- pruebas.CP002_VerificarCostoDeProducto -->
