<?xml version="1.0" encoding="UTF-8"?>
<!-- Generated by org.testng.reporters.JUnitReportReporter -->
<testsuite hostname="DESKTOP-EKLQ2FA" failures="0" tests="2" name="pruebas.CP006_RealizarCompra" time="14.523" errors="0" timestamp="2024-08-14T14:52:43 ART" skipped="0">
  <testcase classname="pruebas.CP006_RealizarCompra" name="iniciarSesion" time="5.280"/>
  <system-out>
    <![CDATA[======Launch Browser======]]>
  </system-out>
  <testcase classname="pruebas.CP006_RealizarCompra" name="realizarCompraDesdeWishlist" time="9.243"/>
  <system-out/>
</testsuite> <!-- pruebas.CP006_RealizarCompra -->
