<?xml version="1.0" encoding="UTF-8"?>
<!-- Generated by org.testng.reporters.JUnitReportReporter -->
<testsuite hostname="DESKTOP-EKLQ2FA" failures="0" tests="2" name="pruebas.CP015_VerificarCamposDeshabilitados" time="9.575" errors="0" timestamp="2024-08-18T11:52:21 ART" skipped="0">
  <testcase classname="pruebas.CP015_VerificarCamposDeshabilitados" name="iniciarSesion" time="7.301"/>
  <system-out>
    <![CDATA[======Launch Browser======]]>
  </system-out>
  <testcase classname="pruebas.CP015_VerificarCamposDeshabilitados" name="ordenarPedidosPorFecha" time="2.274"/>
  <system-out/>
</testsuite> <!-- pruebas.CP015_VerificarCamposDeshabilitados -->
