<?xml version="1.0" encoding="UTF-8"?>
<!-- Generated by org.testng.reporters.JUnitReportReporter -->
<testsuite hostname="DESKTOP-EKLQ2FA" failures="0" tests="1" name="Test.Guru99.Dia01" time="6.128" errors="0" timestamp="2024-07-30T17:16:07 ART" skipped="0">
  <testcase classname="Test.Guru99.Dia01" name="ordenarPorNombre" time="6.128"/>
</testsuite> <!-- Test.Guru99.Dia01 -->
