<?xml version="1.0" encoding="UTF-8"?>
<!-- Generated by org.testng.reporters.JUnitReportReporter -->
<testsuite hostname="DESKTOP-EKLQ2FA" failures="0" tests="2" name="pruebas.CP008_EditarProductoAgregadoAlCarrito" time="15.143" errors="0" timestamp="2024-08-14T14:52:43 ART" skipped="0">
  <testcase classname="pruebas.CP008_EditarProductoAgregadoAlCarrito" name="iniciarSesion" time="5.366"/>
  <system-out>
    <![CDATA[======Launch Browser======]]>
  </system-out>
  <testcase classname="pruebas.CP008_EditarProductoAgregadoAlCarrito" name="actualizarPedido" time="9.777"/>
  <system-out/>
</testsuite> <!-- pruebas.CP008_EditarProductoAgregadoAlCarrito -->
