<?xml version="1.0" encoding="UTF-8"?>
<!-- Generated by org.testng.reporters.JUnitReportReporter -->
<testsuite hostname="DESKTOP-EKLQ2FA" failures="0" tests="1" name="Test.Guru99.Dia07" time="10.009" errors="0" timestamp="2024-07-29T23:22:19 ART" skipped="0">
  <testcase classname="Test.Guru99.Dia07" name="verificarPedido" time="10.009"/>
</testsuite> <!-- Test.Guru99.Dia07 -->
