<?xml version="1.0" encoding="UTF-8"?>
<!-- Generated by org.testng.reporters.JUnitReportReporter -->
<testsuite hostname="DESKTOP-EKLQ2FA" failures="0" tests="2" name="pruebas.dia11_CP04" time="3.976" errors="0" timestamp="2024-07-30T19:52:01 ART" skipped="0">
  <testcase classname="pruebas.dia11_CP04" name="buscarProducto0a150" time="2.510"/>
  <testcase classname="pruebas.dia11_CP04" name="buscarProducto151a1000" time="1.466"/>
</testsuite> <!-- pruebas.dia11_CP04 -->
