<?xml version="1.0" encoding="UTF-8"?>
<!-- Generated by org.testng.reporters.JUnitReportReporter -->
<testsuite hostname="DESKTOP-EKLQ2FA" failures="0" tests="1" name="Test.Guru99.Dia4" time="8.948" errors="0" timestamp="2024-07-24T13:30:42 ART" skipped="0">
  <testcase classname="Test.Guru99.Dia4" name="compararProductos" time="8.948"/>
</testsuite> <!-- Test.Guru99.Dia4 -->
