<?xml version="1.0" encoding="UTF-8"?>
<!-- Generated by org.testng.reporters.JUnitReportReporter -->
<testsuite hostname="DESKTOP-EKLQ2FA" failures="0" tests="1" name="Test.Guru99.Dia1" time="5.694" errors="0" timestamp="2024-07-23T22:58:21 ART" skipped="0">
  <testcase classname="Test.Guru99.Dia1" name="ordenarPorNombre" time="5.694"/>
</testsuite> <!-- Test.Guru99.Dia1 -->
