<?xml version="1.0" encoding="UTF-8"?>
<!-- Generated by org.testng.reporters.JUnitReportReporter -->
<testsuite hostname="DESKTOP-EKLQ2FA" failures="0" tests="1" name="pruebas.dia11_CP01" time="18.395" errors="0" timestamp="2024-08-07T11:51:21 ART" skipped="0">
  <testcase classname="pruebas.dia11_CP01" name="iniciarSesion" time="18.395"/>
</testsuite> <!-- pruebas.dia11_CP01 -->
