<?xml version="1.0" encoding="UTF-8"?>
<!-- Generated by org.testng.reporters.JUnitReportReporter -->
<testsuite hostname="DESKTOP-EKLQ2FA" failures="0" tests="1" name="pruebas.dia11_CP03" time="5.536" errors="0" timestamp="2024-07-30T19:52:01 ART" skipped="0">
  <testcase classname="pruebas.dia11_CP03" name="clasificacion" time="5.536"/>
</testsuite> <!-- pruebas.dia11_CP03 -->
